# JRE version: OpenJDK Runtime Environment Temurin-23.0.1+11 (23.0.1+11) (build 23.0.1+11)
# Java VM: OpenJDK 64-Bit Server VM Temurin-23.0.1+11 (23.0.1+11, mixed mode, emulated-client, sharing, tiered, compressed oops, compressed class ptrs, g1 gc, windows-amd64)
GC Precious Log:
 CardTable entry size: 512
 Card Set container configuration: InlinePtr #cards 5 size 8 Array Of Cards #cards 10 size 36 Howl #buckets 4 coarsen threshold 1843 Howl Bitmap #cards 512 size 80 coarsen threshold 460 Card regions per heap region 1 cards per card region 2048
 CPUs: 4 total, 4 available
 Memory: 3996M
 Large Page Support: Disabled
 NUMA Support: Disabled
 Compressed Oops: Enabled (32-bit)
 Heap Region Size: 1M
 Heap Min Capacity: 8M
 Heap Initial Capacity: 64M
 Heap Max Capacity: 1000M
 Pre-touch: Disabled
 Parallel Workers: 4
 Concurrent Workers: 1
 Concurrent Refinement Workers: 4
 Periodic GC: Disabled
Heap:
 garbage-first heap   total reserved 1024000K, committed 56320K, used 30642K [0x00000000c1800000, 0x0000000100000000)
  region size 1024K, 3 young (3072K), 3 survivors (3072K)
 Metaspace       used 37795K, committed 38400K, reserved 1114112K
  class space    used 5317K, committed 5568K, reserved 1048576K
GC Heap History (20 events):
Event: 4.366 GC heap after
{Heap after GC invocations=2 (full 0):
 garbage-first heap   total reserved 1024000K, committed 65536K, used 10120K [0x00000000c1800000, 0x0000000100000000)
  region size 1024K, 2 young (2048K), 2 survivors (2048K)
 Metaspace       used 7305K, committed 7616K, reserved 1114112K
  class space    used 948K, committed 1088K, reserved 1048576K
}
Event: 5.408 GC heap before
{Heap before GC invocations=2 (full 0):
 garbage-first heap   total reserved 1024000K, committed 65536K, used 38792K [0x00000000c1800000, 0x0000000100000000)
  region size 1024K, 27 young (27648K), 2 survivors (2048K)
 Metaspace       used 10221K, committed 10496K, reserved 1114112K
  class space    used 1323K, committed 1472K, reserved 1048576K
}
Event: 5.418 GC heap after
{Heap after GC invocations=3 (full 0):
 garbage-first heap   total reserved 1024000K, committed 65536K, used 12099K [0x00000000c1800000, 0x0000000100000000)
  region size 1024K, 4 young (4096K), 4 survivors (4096K)
 Metaspace       used 10221K, committed 10496K, reserved 1114112K
  class space    used 1323K, committed 1472K, reserved 1048576K
}
Event: 7.597 GC heap before
{Heap before GC invocations=3 (full 0):
 garbage-first heap   total reserved 1024000K, committed 65536K, used 36675K [0x00000000c1800000, 0x0000000100000000)
  region size 1024K, 29 young (29696K), 4 survivors (4096K)
 Metaspace       used 16914K, committed 17280K, reserved 1114112K
  class space    used 2192K, committed 2368K, reserved 1048576K
}
Event: 7.608 GC heap after
{Heap after GC invocations=4 (full 0):
 garbage-first heap   total reserved 1024000K, committed 65536K, used 14638K [0x00000000c1800000, 0x0000000100000000)
  region size 1024K, 3 young (3072K), 3 survivors (3072K)
 Metaspace       used 16914K, committed 17280K, reserved 1114112K
  class space    used 2192K, committed 2368K, reserved 1048576K
}
Event: 11.884 GC heap before
{Heap before GC invocations=4 (full 0):
 garbage-first heap   total reserved 1024000K, committed 65536K, used 33070K [0x00000000c1800000, 0x0000000100000000)
  region size 1024K, 23 young (23552K), 3 survivors (3072K)
 Metaspace       used 21080K, committed 21504K, reserved 1114112K
  class space    used 2777K, committed 2944K, reserved 1048576K
}
Event: 11.892 GC heap after
{Heap after GC invocations=5 (full 0):
 garbage-first heap   total reserved 1024000K, committed 65536K, used 15498K [0x00000000c1800000, 0x0000000100000000)
  region size 1024K, 1 young (1024K), 1 survivors (1024K)
 Metaspace       used 21080K, committed 21504K, reserved 1114112K
  class space    used 2777K, committed 2944K, reserved 1048576K
}
Event: 13.517 GC heap before
{Heap before GC invocations=6 (full 0):
 garbage-first heap   total reserved 1024000K, committed 55296K, used 45194K [0x00000000c1800000, 0x0000000100000000)
  region size 1024K, 31 young (31744K), 1 survivors (1024K)
 Metaspace       used 26650K, committed 27072K, reserved 1114112K
  class space    used 3731K, committed 3904K, reserved 1048576K
}
Event: 13.523 GC heap after
{Heap after GC invocations=7 (full 0):
 garbage-first heap   total reserved 1024000K, committed 55296K, used 17447K [0x00000000c1800000, 0x0000000100000000)
  region size 1024K, 3 young (3072K), 3 survivors (3072K)
 Metaspace       used 26650K, committed 27072K, reserved 1114112K
  class space    used 3731K, committed 3904K, reserved 1048576K
}
Event: 14.329 GC heap before
{Heap before GC invocations=7 (full 0):
 garbage-first heap   total reserved 1024000K, committed 55296K, used 40999K [0x00000000c1800000, 0x0000000100000000)
  region size 1024K, 27 young (27648K), 3 survivors (3072K)
 Metaspace       used 28579K, committed 28992K, reserved 1114112K
  class space    used 3984K, committed 4160K, reserved 1048576K
}
Event: 14.338 GC heap after
{Heap after GC invocations=8 (full 0):
 garbage-first heap   total reserved 1024000K, committed 55296K, used 19707K [0x00000000c1800000, 0x0000000100000000)
  region size 1024K, 4 young (4096K), 4 survivors (4096K)
 Metaspace       used 28579K, committed 28992K, reserved 1114112K
  class space    used 3984K, committed 4160K, reserved 1048576K
}
Event: 15.238 GC heap before
{Heap before GC invocations=8 (full 0):
 garbage-first heap   total reserved 1024000K, committed 55296K, used 43259K [0x00000000c1800000, 0x0000000100000000)
  region size 1024K, 27 young (27648K), 4 survivors (4096K)
 Metaspace       used 31039K, committed 31424K, reserved 1114112K
  class space    used 4311K, committed 4480K, reserved 1048576K
}
Event: 15.247 GC heap after
{Heap after GC invocations=9 (full 0):
 garbage-first heap   total reserved 1024000K, committed 55296K, used 22013K [0x00000000c1800000, 0x0000000100000000)
  region size 1024K, 2 young (2048K), 2 survivors (2048K)
 Metaspace       used 31039K, committed 31424K, reserved 1114112K
  class space    used 4311K, committed 4480K, reserved 1048576K
}
Event: 16.237 GC heap before
{Heap before GC invocations=9 (full 0):
 garbage-first heap   total reserved 1024000K, committed 55296K, used 44541K [0x00000000c1800000, 0x0000000100000000)
  region size 1024K, 24 young (24576K), 2 survivors (2048K)
 Metaspace       used 34133K, committed 34688K, reserved 1114112K
  class space    used 4809K, committed 5056K, reserved 1048576K
}
Event: 16.246 GC heap after
{Heap after GC invocations=10 (full 0):
 garbage-first heap   total reserved 1024000K, committed 55296K, used 24225K [0x00000000c1800000, 0x0000000100000000)
  region size 1024K, 3 young (3072K), 3 survivors (3072K)
 Metaspace       used 34133K, committed 34688K, reserved 1114112K
  class space    used 4809K, committed 5056K, reserved 1048576K
}
Event: 16.398 GC heap before
{Heap before GC invocations=10 (full 0):
 garbage-first heap   total reserved 1024000K, committed 55296K, used 37537K [0x00000000c1800000, 0x0000000100000000)
  region size 1024K, 15 young (15360K), 3 survivors (3072K)
 Metaspace       used 34818K, committed 35328K, reserved 1114112K
  class space    used 4878K, committed 5120K, reserved 1048576K
}
Event: 16.407 GC heap after
{Heap after GC invocations=11 (full 0):
 garbage-first heap   total reserved 1024000K, committed 55296K, used 29018K [0x00000000c1800000, 0x0000000100000000)
  region size 1024K, 3 young (3072K), 3 survivors (3072K)
 Metaspace       used 34818K, committed 35328K, reserved 1114112K
  class space    used 4878K, committed 5120K, reserved 1048576K
}
Event: 16.818 GC heap before
{Heap before GC invocations=12 (full 0):
 garbage-first heap   total reserved 1024000K, committed 56320K, used 49498K [0x00000000c1800000, 0x0000000100000000)
  region size 1024K, 19 young (19456K), 3 survivors (3072K)
 Metaspace       used 35128K, committed 35584K, reserved 1114112K
  class space    used 4919K, committed 5120K, reserved 1048576K
}
Event: 16.824 GC heap after
{Heap after GC invocations=13 (full 0):
 garbage-first heap   total reserved 1024000K, committed 56320K, used 28692K [0x00000000c1800000, 0x0000000100000000)
  region size 1024K, 2 young (2048K), 2 survivors (2048K)
 Metaspace       used 35128K, committed 35584K, reserved 1114112K
  class space    used 4919K, committed 5120K, reserved 1048576K
}
Event: 17.522 GC heap before
{Heap before GC invocations=13 (full 0):
 garbage-first heap   total reserved 1024000K, committed 56320K, used 46100K [0x00000000c1800000, 0x0000000100000000)
  region size 1024K, 20 young (20480K), 2 survivors (2048K)
 Metaspace       used 37795K, committed 38400K, reserved 1114112K
  class space    used 5317K, committed 5568K, reserved 1048576K
}

