# JRE version: OpenJDK Runtime Environment Temurin-23.0.1+11 (23.0.1+11) (build 23.0.1+11)
# Java VM: OpenJDK 64-Bit Server VM Temurin-23.0.1+11 (23.0.1+11, mixed mode, emulated-client, sharing, tiered, compressed oops, compressed class ptrs, g1 gc, windows-amd64)
GC Precious Log:
 CardTable entry size: 512
 Card Set container configuration: InlinePtr #cards 5 size 8 Array Of Cards #cards 10 size 36 Howl #buckets 4 coarsen threshold 1843 Howl Bitmap #cards 512 size 80 coarsen threshold 460 Card regions per heap region 1 cards per card region 2048
 CPUs: 4 total, 4 available
 Memory: 3996M
 Large Page Support: Disabled
 NUMA Support: Disabled
 Compressed Oops: Enabled (32-bit)
 Heap Region Size: 1M
 Heap Min Capacity: 8M
 Heap Initial Capacity: 64M
 Heap Max Capacity: 1000M
 Pre-touch: Disabled
 Parallel Workers: 4
 Concurrent Workers: 1
 Concurrent Refinement Workers: 4
 Periodic GC: Disabled
Heap:
 garbage-first heap   total reserved 1024000K, committed 65536K, used 30898K [0x00000000c1800000, 0x0000000100000000)
  region size 1024K, 18 young (18432K), 4 survivors (4096K)
 Metaspace       used 23978K, committed 24384K, reserved 1114112K
  class space    used 3246K, committed 3456K, reserved 1048576K
GC Heap History (10 events):
Event: 1.823 GC heap before
{Heap before GC invocations=0 (full 0):
 garbage-first heap   total reserved 1024000K, committed 65536K, used 18432K [0x00000000c1800000, 0x0000000100000000)
  region size 1024K, 14 young (14336K), 0 survivors (0K)
 Metaspace       used 3008K, committed 3200K, reserved 1114112K
  class space    used 380K, committed 448K, reserved 1048576K
}
Event: 1.837 GC heap after
{Heap after GC invocations=1 (full 0):
 garbage-first heap   total reserved 1024000K, committed 65536K, used 9568K [0x00000000c1800000, 0x0000000100000000)
  region size 1024K, 2 young (2048K), 2 survivors (2048K)
 Metaspace       used 3008K, committed 3200K, reserved 1114112K
  class space    used 380K, committed 448K, reserved 1048576K
}
Event: 2.586 GC heap before
{Heap before GC invocations=1 (full 0):
 garbage-first heap   total reserved 1024000K, committed 65536K, used 19808K [0x00000000c1800000, 0x0000000100000000)
  region size 1024K, 12 young (12288K), 2 survivors (2048K)
 Metaspace       used 7305K, committed 7616K, reserved 1114112K
  class space    used 949K, committed 1088K, reserved 1048576K
}
Event: 2.599 GC heap after
{Heap after GC invocations=2 (full 0):
 garbage-first heap   total reserved 1024000K, committed 65536K, used 11364K [0x00000000c1800000, 0x0000000100000000)
  region size 1024K, 2 young (2048K), 2 survivors (2048K)
 Metaspace       used 7305K, committed 7616K, reserved 1114112K
  class space    used 949K, committed 1088K, reserved 1048576K
}
Event: 3.386 GC heap before
{Heap before GC invocations=2 (full 0):
 garbage-first heap   total reserved 1024000K, committed 65536K, used 41060K [0x00000000c1800000, 0x0000000100000000)
  region size 1024K, 27 young (27648K), 2 survivors (2048K)
 Metaspace       used 9722K, committed 9984K, reserved 1114112K
  class space    used 1256K, committed 1344K, reserved 1048576K
}
Event: 3.404 GC heap after
{Heap after GC invocations=3 (full 0):
 garbage-first heap   total reserved 1024000K, committed 65536K, used 14879K [0x00000000c1800000, 0x0000000100000000)
  region size 1024K, 4 young (4096K), 4 survivors (4096K)
 Metaspace       used 9722K, committed 9984K, reserved 1114112K
  class space    used 1256K, committed 1344K, reserved 1048576K
}
Event: 4.626 GC heap before
{Heap before GC invocations=3 (full 0):
 garbage-first heap   total reserved 1024000K, committed 65536K, used 38431K [0x00000000c1800000, 0x0000000100000000)
  region size 1024K, 28 young (28672K), 4 survivors (4096K)
 Metaspace       used 15880K, committed 16256K, reserved 1114112K
  class space    used 2093K, committed 2240K, reserved 1048576K
}
Event: 4.635 GC heap after
{Heap after GC invocations=4 (full 0):
 garbage-first heap   total reserved 1024000K, committed 65536K, used 17718K [0x00000000c1800000, 0x0000000100000000)
  region size 1024K, 3 young (3072K), 3 survivors (3072K)
 Metaspace       used 15880K, committed 16256K, reserved 1114112K
  class space    used 2093K, committed 2240K, reserved 1048576K
}
Event: 6.736 GC heap before
{Heap before GC invocations=4 (full 0):
 garbage-first heap   total reserved 1024000K, committed 65536K, used 41270K [0x00000000c1800000, 0x0000000100000000)
  region size 1024K, 28 young (28672K), 3 survivors (3072K)
 Metaspace       used 21072K, committed 21504K, reserved 1114112K
  class space    used 2777K, committed 2944K, reserved 1048576K
}
Event: 6.742 GC heap after
{Heap after GC invocations=5 (full 0):
 garbage-first heap   total reserved 1024000K, committed 65536K, used 18610K [0x00000000c1800000, 0x0000000100000000)
  region size 1024K, 4 young (4096K), 4 survivors (4096K)
 Metaspace       used 21072K, committed 21504K, reserved 1114112K
  class space    used 2777K, committed 2944K, reserved 1048576K
}

